<?xml version="1.0" encoding="utf-8" standalone="no"?>
<test-run id="2" testcasecount="0" result="Failed" total="0" passed="0" failed="0" inconclusive="0" skipped="0" asserts="0" start-time="2015-07-10 08:42:11Z" end-time="2015-07-10 08:42:11Z" duration="0.020775">
  <environment nunit-version="3.0.5610.33198" clr-version="4.0.30319.0" os-version="Microsoft Windows NT 6.3.9600.0" platform="Win32NT" cwd="C:\Program Files\NUnit 3.0.0 b2\bin" machine-name="UNIT-728" user="Nikolay.Pianikov" user-domain="LABS" culture="ru-RU" uiculture="en-GB" os-architecture="x64" />
  <test-suite type="Assembly" id="0-1" name="HelloWorld.Tests.dll" fullname="C:\Program Files\NUnit 3.0.0 b2\bin\HelloWorld.Tests.dll" testcasecount="0" runstate="NotRunnable" result="Failed" label="Invalid">
    <properties>
      <property name="_SKIPREASON" value="File not found: C:\Program Files\NUnit 3.0.0 b2\bin\HelloWorld.Tests.dll" />
    </properties>
    <reason>
      <message>File not found: C:\Program Files\NUnit 3.0.0 b2\bin\HelloWorld.Tests.dll</message>
    </reason>
  </test-suite>
</test-run>