<?xml version="1.0" encoding="utf-8" standalone="no"?>
<!--This file represents the results of running a test suite-->
<test-results name="C:\Projects\GitHub\JetBrains.TeamCity.NUnitAddins\bin\Debug\NUnit-2.6.3\Tests\JetBrains.TeamCity.NUnitAddins.Mocks.dll" total="1" errors="0" failures="0" not-run="0" inconclusive="0" ignored="0" skipped="0" invalid="0" date="2015-07-13" time="19:20:25">
  <environment nunit-version="2.6.4.14350" clr-version="2.0.50727.8009" os-version="Microsoft Windows NT 6.2.9200.0" platform="Win32NT" cwd="C:\Projects\GitHub\JetBrains.TeamCity.NUnitAddins\bin\Debug" machine-name="UNIT-728" user="Nikolay.Pianikov" user-domain="LABS" />
  <culture-info current-culture="ru-RU" current-uiculture="en-GB" />
  <test-suite type="Assembly" name="C:\Projects\GitHub\JetBrains.TeamCity.NUnitAddins\bin\Debug\NUnit-2.6.3\Tests\JetBrains.TeamCity.NUnitAddins.Mocks.dll" executed="True" result="Success" success="True" time="0.038" asserts="0">
    <results>
      <test-suite type="Namespace" name="JetBrains" executed="True" result="Success" success="True" time="0.025" asserts="0">
        <results>
          <test-suite type="Namespace" name="TeamCity" executed="True" result="Success" success="True" time="0.025" asserts="0">
            <results>
              <test-suite type="Namespace" name="NUnitAddins" executed="True" result="Success" success="True" time="0.025" asserts="0">
                <results>
                  <test-suite type="Namespace" name="Mocks" executed="True" result="Success" success="True" time="0.025" asserts="0">
                    <results>
                      <test-suite type="TestFixture" name="UnitTest1" executed="True" result="Success" success="True" time="0.024" asserts="0">
                        <results>
                          <test-case name="JetBrains.TeamCity.NUnitAddins.Mocks.UnitTest1.TestMethod" executed="True" result="Success" success="True" time="0.015" asserts="0" />
                        </results>
                      </test-suite>
                    </results>
                  </test-suite>
                </results>
              </test-suite>
            </results>
          </test-suite>
        </results>
      </test-suite>
    </results>
  </test-suite>
</test-results>